[2024-12-03T09:43:39.963+0000] {manager.py:470} INFO - Processing files using up to 2 processes at a time 
[2024-12-03T09:43:39.964+0000] {manager.py:471} INFO - Process each file at most once every 30 seconds
[2024-12-03T09:43:39.964+0000] {manager.py:472} INFO - Checking for new files in /opt/airflow/dags every 300 seconds
[2024-12-03T09:43:39.965+0000] {manager.py:737} INFO - Searching for files in /opt/airflow/dags
[2024-12-03T09:43:39.966+0000] {manager.py:740} INFO - There are 0 files in /opt/airflow/dags
[2024-12-03T09:45:02.780+0000] {manager.py:452} INFO - Exiting gracefully upon receiving signal 15
[2024-12-03T09:49:32.495+0000] {manager.py:470} INFO - Processing files using up to 2 processes at a time 
[2024-12-03T09:49:32.496+0000] {manager.py:471} INFO - Process each file at most once every 30 seconds
[2024-12-03T09:49:32.496+0000] {manager.py:472} INFO - Checking for new files in /opt/airflow/dags every 300 seconds
[2024-12-03T09:49:32.496+0000] {manager.py:737} INFO - Searching for files in /opt/airflow/dags
[2024-12-03T09:49:32.497+0000] {manager.py:740} INFO - There are 0 files in /opt/airflow/dags
[2024-12-03T09:54:32.585+0000] {manager.py:737} INFO - Searching for files in /opt/airflow/dags
[2024-12-03T09:54:32.592+0000] {manager.py:740} INFO - There are 0 files in /opt/airflow/dags
[2024-12-03T09:59:33.474+0000] {manager.py:737} INFO - Searching for files in /opt/airflow/dags
[2024-12-03T09:59:33.478+0000] {manager.py:740} INFO - There are 1 files in /opt/airflow/dags
[2024-12-03T09:59:40.727+0000] {manager.py:878} INFO - 
================================================================================
DAG File Processing Stats

File Path                      PID    Runtime      # DAGs    # Errors  Last Runtime    Last Run
-----------------------------  -----  ---------  --------  ----------  --------------  -------------------
/opt/airflow/dags/pipeline.py                           1           0  0.66s           2024-12-03T09:59:34
================================================================================
[2024-12-03T10:00:11.157+0000] {manager.py:878} INFO - 
================================================================================
DAG File Processing Stats

File Path                      PID    Runtime      # DAGs    # Errors  Last Runtime    Last Run
-----------------------------  -----  ---------  --------  ----------  --------------  -------------------
/opt/airflow/dags/pipeline.py                           1           0  0.12s           2024-12-03T10:00:05
================================================================================
[2024-12-03T10:00:41.484+0000] {manager.py:878} INFO - 
================================================================================
DAG File Processing Stats

File Path                      PID    Runtime      # DAGs    # Errors  Last Runtime    Last Run
-----------------------------  -----  ---------  --------  ----------  --------------  -------------------
/opt/airflow/dags/pipeline.py                           1           0  0.12s           2024-12-03T10:00:35
================================================================================
[2024-12-03T10:01:12.266+0000] {manager.py:878} INFO - 
================================================================================
DAG File Processing Stats

File Path                      PID    Runtime      # DAGs    # Errors  Last Runtime    Last Run
-----------------------------  -----  ---------  --------  ----------  --------------  -------------------
/opt/airflow/dags/pipeline.py                           1           0  0.11s           2024-12-03T10:01:06
================================================================================
[2024-12-03T10:01:42.983+0000] {manager.py:878} INFO - 
================================================================================
DAG File Processing Stats

File Path                      PID    Runtime      # DAGs    # Errors  Last Runtime    Last Run
-----------------------------  -----  ---------  --------  ----------  --------------  -------------------
/opt/airflow/dags/pipeline.py                           1           0  0.11s           2024-12-03T10:01:37
================================================================================
[2024-12-03T10:02:13.394+0000] {manager.py:878} INFO - 
================================================================================
DAG File Processing Stats

File Path                      PID    Runtime      # DAGs    # Errors  Last Runtime    Last Run
-----------------------------  -----  ---------  --------  ----------  --------------  -------------------
/opt/airflow/dags/pipeline.py                           1           0  0.11s           2024-12-03T10:02:07
================================================================================
[2024-12-03T10:02:43.679+0000] {manager.py:878} INFO - 
================================================================================
DAG File Processing Stats

File Path                      PID    Runtime      # DAGs    # Errors  Last Runtime    Last Run
-----------------------------  -----  ---------  --------  ----------  --------------  -------------------
/opt/airflow/dags/pipeline.py                           1           0  0.06s           2024-12-03T10:02:37
================================================================================
[2024-12-03T10:03:13.987+0000] {manager.py:878} INFO - 
================================================================================
DAG File Processing Stats

File Path                      PID    Runtime      # DAGs    # Errors  Last Runtime    Last Run
-----------------------------  -----  ---------  --------  ----------  --------------  -------------------
/opt/airflow/dags/pipeline.py                           1           0  0.13s           2024-12-03T10:03:08
================================================================================
[2024-12-03T10:03:44.371+0000] {manager.py:878} INFO - 
================================================================================
DAG File Processing Stats

File Path                      PID    Runtime      # DAGs    # Errors  Last Runtime    Last Run
-----------------------------  -----  ---------  --------  ----------  --------------  -------------------
/opt/airflow/dags/pipeline.py                           1           0  0.09s           2024-12-03T10:03:38
================================================================================
[2024-12-03T10:04:14.511+0000] {manager.py:878} INFO - 
================================================================================
DAG File Processing Stats

File Path                      PID    Runtime      # DAGs    # Errors  Last Runtime    Last Run
-----------------------------  -----  ---------  --------  ----------  --------------  -------------------
/opt/airflow/dags/pipeline.py                           1           0  0.39s           2024-12-03T10:04:09
================================================================================
[2024-12-03T10:04:33.724+0000] {manager.py:737} INFO - Searching for files in /opt/airflow/dags
[2024-12-03T10:04:33.732+0000] {manager.py:740} INFO - There are 1 files in /opt/airflow/dags
[2024-12-03T10:04:45.147+0000] {manager.py:878} INFO - 
================================================================================
DAG File Processing Stats

File Path                      PID    Runtime      # DAGs    # Errors  Last Runtime    Last Run
-----------------------------  -----  ---------  --------  ----------  --------------  -------------------
/opt/airflow/dags/pipeline.py                           1           0  0.09s           2024-12-03T10:04:40
================================================================================
[2024-12-03T10:05:15.490+0000] {manager.py:878} INFO - 
================================================================================
DAG File Processing Stats

File Path                      PID    Runtime      # DAGs    # Errors  Last Runtime    Last Run
-----------------------------  -----  ---------  --------  ----------  --------------  -------------------
/opt/airflow/dags/pipeline.py                           1           0  0.10s           2024-12-03T10:05:10
================================================================================
[2024-12-03T10:05:45.813+0000] {manager.py:878} INFO - 
================================================================================
DAG File Processing Stats

File Path                      PID    Runtime      # DAGs    # Errors  Last Runtime    Last Run
-----------------------------  -----  ---------  --------  ----------  --------------  -------------------
/opt/airflow/dags/pipeline.py                           1           0  0.09s           2024-12-03T10:05:40
================================================================================
[2024-12-03T10:06:16.227+0000] {manager.py:878} INFO - 
================================================================================
DAG File Processing Stats

File Path                      PID    Runtime      # DAGs    # Errors  Last Runtime    Last Run
-----------------------------  -----  ---------  --------  ----------  --------------  -------------------
/opt/airflow/dags/pipeline.py                           1           0  0.12s           2024-12-03T10:06:11
================================================================================
[2024-12-03T10:06:46.532+0000] {manager.py:878} INFO - 
================================================================================
DAG File Processing Stats

File Path                      PID    Runtime      # DAGs    # Errors  Last Runtime    Last Run
-----------------------------  -----  ---------  --------  ----------  --------------  -------------------
/opt/airflow/dags/pipeline.py                           1           0  0.11s           2024-12-03T10:06:41
================================================================================
[2024-12-03T10:07:16.629+0000] {manager.py:878} INFO - 
================================================================================
DAG File Processing Stats

File Path                      PID    Runtime      # DAGs    # Errors  Last Runtime    Last Run
-----------------------------  -----  ---------  --------  ----------  --------------  -------------------
/opt/airflow/dags/pipeline.py                           1           0  0.13s           2024-12-03T10:07:12
================================================================================
[2024-12-03T10:07:46.919+0000] {manager.py:878} INFO - 
================================================================================
DAG File Processing Stats

File Path                      PID    Runtime      # DAGs    # Errors  Last Runtime    Last Run
-----------------------------  -----  ---------  --------  ----------  --------------  -------------------
/opt/airflow/dags/pipeline.py                           1           0  0.07s           2024-12-03T10:07:42
================================================================================
[2024-12-03T10:08:17.441+0000] {manager.py:878} INFO - 
================================================================================
DAG File Processing Stats

File Path                      PID    Runtime      # DAGs    # Errors  Last Runtime    Last Run
-----------------------------  -----  ---------  --------  ----------  --------------  -------------------
/opt/airflow/dags/pipeline.py                           1           0  0.09s           2024-12-03T10:08:13
================================================================================
[2024-12-03T10:08:47.768+0000] {manager.py:878} INFO - 
================================================================================
DAG File Processing Stats

File Path                      PID    Runtime      # DAGs    # Errors  Last Runtime    Last Run
-----------------------------  -----  ---------  --------  ----------  --------------  -------------------
/opt/airflow/dags/pipeline.py                           1           0  0.13s           2024-12-03T10:08:43
================================================================================
[2024-12-03T10:09:18.720+0000] {manager.py:878} INFO - 
================================================================================
DAG File Processing Stats

File Path                      PID    Runtime      # DAGs    # Errors  Last Runtime    Last Run
-----------------------------  -----  ---------  --------  ----------  --------------  -------------------
/opt/airflow/dags/pipeline.py                           1           0  0.09s           2024-12-03T10:09:14
================================================================================
[2024-12-03T10:09:33.886+0000] {manager.py:737} INFO - Searching for files in /opt/airflow/dags
[2024-12-03T10:09:33.898+0000] {manager.py:740} INFO - There are 1 files in /opt/airflow/dags
