[2024-12-03T09:59:33.555+0000] {processor.py:161} INFO - Started process (PID=387) to work on /opt/airflow/dags/pipeline.py
[2024-12-03T09:59:33.555+0000] {processor.py:830} INFO - Processing file /opt/airflow/dags/pipeline.py for tasks to queue
[2024-12-03T09:59:33.563+0000] {logging_mixin.py:188} INFO - [2024-12-03T09:59:33.563+0000] {dagbag.py:545} INFO - Filling up the DagBag from /opt/airflow/dags/pipeline.py
[2024-12-03T09:59:33.669+0000] {processor.py:840} INFO - DAG(s) 'dbt_run_example' retrieved from /opt/airflow/dags/pipeline.py
[2024-12-03T09:59:34.102+0000] {logging_mixin.py:188} INFO - [2024-12-03T09:59:34.102+0000] {override.py:1829} INFO - Created Permission View: can edit on DAG:dbt_run_example
[2024-12-03T09:59:34.112+0000] {logging_mixin.py:188} INFO - [2024-12-03T09:59:34.112+0000] {override.py:1829} INFO - Created Permission View: can read on DAG:dbt_run_example
[2024-12-03T09:59:34.117+0000] {logging_mixin.py:188} INFO - [2024-12-03T09:59:34.117+0000] {override.py:1829} INFO - Created Permission View: can delete on DAG:dbt_run_example
[2024-12-03T09:59:34.117+0000] {logging_mixin.py:188} INFO - [2024-12-03T09:59:34.117+0000] {dag.py:3096} INFO - Sync 1 DAGs
[2024-12-03T09:59:34.131+0000] {logging_mixin.py:188} INFO - [2024-12-03T09:59:34.131+0000] {dag.py:3118} INFO - Creating ORM DAG for dbt_run_example
[2024-12-03T09:59:34.146+0000] {logging_mixin.py:188} INFO - [2024-12-03T09:59:34.146+0000] {dag.py:3954} INFO - Setting next_dagrun for dbt_run_example to 2024-12-02 00:00:00+00:00, run_after=2024-12-03 00:00:00+00:00
[2024-12-03T09:59:34.168+0000] {processor.py:183} INFO - Processing /opt/airflow/dags/pipeline.py took 0.626 seconds
[2024-12-03T10:00:04.985+0000] {processor.py:161} INFO - Started process (PID=406) to work on /opt/airflow/dags/pipeline.py
[2024-12-03T10:00:04.987+0000] {processor.py:830} INFO - Processing file /opt/airflow/dags/pipeline.py for tasks to queue
[2024-12-03T10:00:04.996+0000] {logging_mixin.py:188} INFO - [2024-12-03T10:00:04.996+0000] {dagbag.py:545} INFO - Filling up the DagBag from /opt/airflow/dags/pipeline.py
[2024-12-03T10:00:05.010+0000] {processor.py:840} INFO - DAG(s) 'dbt_run_example' retrieved from /opt/airflow/dags/pipeline.py
[2024-12-03T10:00:05.034+0000] {logging_mixin.py:188} INFO - [2024-12-03T10:00:05.033+0000] {dag.py:3096} INFO - Sync 1 DAGs
[2024-12-03T10:00:05.059+0000] {logging_mixin.py:188} INFO - [2024-12-03T10:00:05.059+0000] {dag.py:3954} INFO - Setting next_dagrun for dbt_run_example to 2024-12-03 00:00:00+00:00, run_after=2024-12-04 00:00:00+00:00
[2024-12-03T10:00:05.073+0000] {processor.py:183} INFO - Processing /opt/airflow/dags/pipeline.py took 0.100 seconds
[2024-12-03T10:00:35.431+0000] {processor.py:161} INFO - Started process (PID=428) to work on /opt/airflow/dags/pipeline.py
[2024-12-03T10:00:35.433+0000] {processor.py:830} INFO - Processing file /opt/airflow/dags/pipeline.py for tasks to queue
[2024-12-03T10:00:35.437+0000] {logging_mixin.py:188} INFO - [2024-12-03T10:00:35.436+0000] {dagbag.py:545} INFO - Filling up the DagBag from /opt/airflow/dags/pipeline.py
[2024-12-03T10:00:35.454+0000] {processor.py:840} INFO - DAG(s) 'dbt_run_example' retrieved from /opt/airflow/dags/pipeline.py
[2024-12-03T10:00:35.495+0000] {logging_mixin.py:188} INFO - [2024-12-03T10:00:35.494+0000] {dag.py:3096} INFO - Sync 1 DAGs
[2024-12-03T10:00:35.509+0000] {logging_mixin.py:188} INFO - [2024-12-03T10:00:35.509+0000] {dag.py:3954} INFO - Setting next_dagrun for dbt_run_example to 2024-12-03 00:00:00+00:00, run_after=2024-12-04 00:00:00+00:00
[2024-12-03T10:00:35.519+0000] {processor.py:183} INFO - Processing /opt/airflow/dags/pipeline.py took 0.101 seconds
[2024-12-03T10:01:06.158+0000] {processor.py:161} INFO - Started process (PID=450) to work on /opt/airflow/dags/pipeline.py
[2024-12-03T10:01:06.159+0000] {processor.py:830} INFO - Processing file /opt/airflow/dags/pipeline.py for tasks to queue
[2024-12-03T10:01:06.161+0000] {logging_mixin.py:188} INFO - [2024-12-03T10:01:06.161+0000] {dagbag.py:545} INFO - Filling up the DagBag from /opt/airflow/dags/pipeline.py
[2024-12-03T10:01:06.170+0000] {processor.py:840} INFO - DAG(s) 'dbt_run_example' retrieved from /opt/airflow/dags/pipeline.py
[2024-12-03T10:01:06.210+0000] {logging_mixin.py:188} INFO - [2024-12-03T10:01:06.210+0000] {dag.py:3096} INFO - Sync 1 DAGs
[2024-12-03T10:01:06.231+0000] {logging_mixin.py:188} INFO - [2024-12-03T10:01:06.231+0000] {dag.py:3954} INFO - Setting next_dagrun for dbt_run_example to 2024-12-03 00:00:00+00:00, run_after=2024-12-04 00:00:00+00:00
[2024-12-03T10:01:06.245+0000] {processor.py:183} INFO - Processing /opt/airflow/dags/pipeline.py took 0.092 seconds
[2024-12-03T10:01:36.947+0000] {processor.py:161} INFO - Started process (PID=464) to work on /opt/airflow/dags/pipeline.py
[2024-12-03T10:01:36.950+0000] {processor.py:830} INFO - Processing file /opt/airflow/dags/pipeline.py for tasks to queue
[2024-12-03T10:01:36.954+0000] {logging_mixin.py:188} INFO - [2024-12-03T10:01:36.953+0000] {dagbag.py:545} INFO - Filling up the DagBag from /opt/airflow/dags/pipeline.py
[2024-12-03T10:01:36.974+0000] {processor.py:840} INFO - DAG(s) 'dbt_run_example' retrieved from /opt/airflow/dags/pipeline.py
[2024-12-03T10:01:36.997+0000] {logging_mixin.py:188} INFO - [2024-12-03T10:01:36.996+0000] {dag.py:3096} INFO - Sync 1 DAGs
[2024-12-03T10:01:37.009+0000] {logging_mixin.py:188} INFO - [2024-12-03T10:01:37.009+0000] {dag.py:3954} INFO - Setting next_dagrun for dbt_run_example to 2024-12-03 00:00:00+00:00, run_after=2024-12-04 00:00:00+00:00
[2024-12-03T10:01:37.019+0000] {processor.py:183} INFO - Processing /opt/airflow/dags/pipeline.py took 0.087 seconds
[2024-12-03T10:02:07.344+0000] {processor.py:161} INFO - Started process (PID=486) to work on /opt/airflow/dags/pipeline.py
[2024-12-03T10:02:07.345+0000] {processor.py:830} INFO - Processing file /opt/airflow/dags/pipeline.py for tasks to queue
[2024-12-03T10:02:07.349+0000] {logging_mixin.py:188} INFO - [2024-12-03T10:02:07.348+0000] {dagbag.py:545} INFO - Filling up the DagBag from /opt/airflow/dags/pipeline.py
[2024-12-03T10:02:07.386+0000] {processor.py:840} INFO - DAG(s) 'dbt_run_example' retrieved from /opt/airflow/dags/pipeline.py
[2024-12-03T10:02:07.403+0000] {logging_mixin.py:188} INFO - [2024-12-03T10:02:07.403+0000] {dag.py:3096} INFO - Sync 1 DAGs
[2024-12-03T10:02:07.416+0000] {logging_mixin.py:188} INFO - [2024-12-03T10:02:07.416+0000] {dag.py:3954} INFO - Setting next_dagrun for dbt_run_example to 2024-12-03 00:00:00+00:00, run_after=2024-12-04 00:00:00+00:00
[2024-12-03T10:02:07.424+0000] {processor.py:183} INFO - Processing /opt/airflow/dags/pipeline.py took 0.090 seconds
[2024-12-03T10:02:37.593+0000] {processor.py:161} INFO - Started process (PID=502) to work on /opt/airflow/dags/pipeline.py
[2024-12-03T10:02:37.593+0000] {processor.py:830} INFO - Processing file /opt/airflow/dags/pipeline.py for tasks to queue
[2024-12-03T10:02:37.595+0000] {logging_mixin.py:188} INFO - [2024-12-03T10:02:37.595+0000] {dagbag.py:545} INFO - Filling up the DagBag from /opt/airflow/dags/pipeline.py
[2024-12-03T10:02:37.604+0000] {processor.py:840} INFO - DAG(s) 'dbt_run_example' retrieved from /opt/airflow/dags/pipeline.py
[2024-12-03T10:02:37.619+0000] {logging_mixin.py:188} INFO - [2024-12-03T10:02:37.619+0000] {dag.py:3096} INFO - Sync 1 DAGs
[2024-12-03T10:02:37.631+0000] {logging_mixin.py:188} INFO - [2024-12-03T10:02:37.631+0000] {dag.py:3954} INFO - Setting next_dagrun for dbt_run_example to 2024-12-03 00:00:00+00:00, run_after=2024-12-04 00:00:00+00:00
[2024-12-03T10:02:37.641+0000] {processor.py:183} INFO - Processing /opt/airflow/dags/pipeline.py took 0.053 seconds
[2024-12-03T10:03:07.956+0000] {processor.py:161} INFO - Started process (PID=524) to work on /opt/airflow/dags/pipeline.py
[2024-12-03T10:03:07.959+0000] {processor.py:830} INFO - Processing file /opt/airflow/dags/pipeline.py for tasks to queue
[2024-12-03T10:03:07.963+0000] {logging_mixin.py:188} INFO - [2024-12-03T10:03:07.962+0000] {dagbag.py:545} INFO - Filling up the DagBag from /opt/airflow/dags/pipeline.py
[2024-12-03T10:03:07.982+0000] {processor.py:840} INFO - DAG(s) 'dbt_run_example' retrieved from /opt/airflow/dags/pipeline.py
[2024-12-03T10:03:08.021+0000] {logging_mixin.py:188} INFO - [2024-12-03T10:03:08.021+0000] {dag.py:3096} INFO - Sync 1 DAGs
[2024-12-03T10:03:08.037+0000] {logging_mixin.py:188} INFO - [2024-12-03T10:03:08.037+0000] {dag.py:3954} INFO - Setting next_dagrun for dbt_run_example to 2024-12-03 00:00:00+00:00, run_after=2024-12-04 00:00:00+00:00
[2024-12-03T10:03:08.046+0000] {processor.py:183} INFO - Processing /opt/airflow/dags/pipeline.py took 0.102 seconds
[2024-12-03T10:03:38.248+0000] {processor.py:161} INFO - Started process (PID=546) to work on /opt/airflow/dags/pipeline.py
[2024-12-03T10:03:38.250+0000] {processor.py:830} INFO - Processing file /opt/airflow/dags/pipeline.py for tasks to queue
[2024-12-03T10:03:38.252+0000] {logging_mixin.py:188} INFO - [2024-12-03T10:03:38.252+0000] {dagbag.py:545} INFO - Filling up the DagBag from /opt/airflow/dags/pipeline.py
[2024-12-03T10:03:38.268+0000] {processor.py:840} INFO - DAG(s) 'dbt_run_example' retrieved from /opt/airflow/dags/pipeline.py
[2024-12-03T10:03:38.289+0000] {logging_mixin.py:188} INFO - [2024-12-03T10:03:38.289+0000] {dag.py:3096} INFO - Sync 1 DAGs
[2024-12-03T10:03:38.301+0000] {logging_mixin.py:188} INFO - [2024-12-03T10:03:38.301+0000] {dag.py:3954} INFO - Setting next_dagrun for dbt_run_example to 2024-12-03 00:00:00+00:00, run_after=2024-12-04 00:00:00+00:00
[2024-12-03T10:03:38.310+0000] {processor.py:183} INFO - Processing /opt/airflow/dags/pipeline.py took 0.073 seconds
[2024-12-03T10:04:09.459+0000] {processor.py:161} INFO - Started process (PID=561) to work on /opt/airflow/dags/pipeline.py
[2024-12-03T10:04:09.461+0000] {processor.py:830} INFO - Processing file /opt/airflow/dags/pipeline.py for tasks to queue
[2024-12-03T10:04:09.465+0000] {logging_mixin.py:188} INFO - [2024-12-03T10:04:09.464+0000] {dagbag.py:545} INFO - Filling up the DagBag from /opt/airflow/dags/pipeline.py
[2024-12-03T10:04:09.501+0000] {processor.py:840} INFO - DAG(s) 'dbt_run_example' retrieved from /opt/airflow/dags/pipeline.py
[2024-12-03T10:04:09.726+0000] {logging_mixin.py:188} INFO - [2024-12-03T10:04:09.725+0000] {dag.py:3096} INFO - Sync 1 DAGs
[2024-12-03T10:04:09.757+0000] {logging_mixin.py:188} INFO - [2024-12-03T10:04:09.756+0000] {dag.py:3954} INFO - Setting next_dagrun for dbt_run_example to 2024-12-03 00:00:00+00:00, run_after=2024-12-04 00:00:00+00:00
[2024-12-03T10:04:09.797+0000] {processor.py:183} INFO - Processing /opt/airflow/dags/pipeline.py took 0.368 seconds
[2024-12-03T10:04:40.095+0000] {processor.py:161} INFO - Started process (PID=582) to work on /opt/airflow/dags/pipeline.py
[2024-12-03T10:04:40.097+0000] {processor.py:830} INFO - Processing file /opt/airflow/dags/pipeline.py for tasks to queue
[2024-12-03T10:04:40.100+0000] {logging_mixin.py:188} INFO - [2024-12-03T10:04:40.100+0000] {dagbag.py:545} INFO - Filling up the DagBag from /opt/airflow/dags/pipeline.py
[2024-12-03T10:04:40.116+0000] {processor.py:840} INFO - DAG(s) 'dbt_run_example' retrieved from /opt/airflow/dags/pipeline.py
[2024-12-03T10:04:40.135+0000] {logging_mixin.py:188} INFO - [2024-12-03T10:04:40.135+0000] {dag.py:3096} INFO - Sync 1 DAGs
[2024-12-03T10:04:40.147+0000] {logging_mixin.py:188} INFO - [2024-12-03T10:04:40.147+0000] {dag.py:3954} INFO - Setting next_dagrun for dbt_run_example to 2024-12-03 00:00:00+00:00, run_after=2024-12-04 00:00:00+00:00
[2024-12-03T10:04:40.156+0000] {processor.py:183} INFO - Processing /opt/airflow/dags/pipeline.py took 0.070 seconds
[2024-12-03T10:05:10.447+0000] {processor.py:161} INFO - Started process (PID=597) to work on /opt/airflow/dags/pipeline.py
[2024-12-03T10:05:10.449+0000] {processor.py:830} INFO - Processing file /opt/airflow/dags/pipeline.py for tasks to queue
[2024-12-03T10:05:10.451+0000] {logging_mixin.py:188} INFO - [2024-12-03T10:05:10.451+0000] {dagbag.py:545} INFO - Filling up the DagBag from /opt/airflow/dags/pipeline.py
[2024-12-03T10:05:10.469+0000] {processor.py:840} INFO - DAG(s) 'dbt_run_example' retrieved from /opt/airflow/dags/pipeline.py
[2024-12-03T10:05:10.490+0000] {logging_mixin.py:188} INFO - [2024-12-03T10:05:10.490+0000] {dag.py:3096} INFO - Sync 1 DAGs
[2024-12-03T10:05:10.502+0000] {logging_mixin.py:188} INFO - [2024-12-03T10:05:10.502+0000] {dag.py:3954} INFO - Setting next_dagrun for dbt_run_example to 2024-12-03 00:00:00+00:00, run_after=2024-12-04 00:00:00+00:00
[2024-12-03T10:05:10.511+0000] {processor.py:183} INFO - Processing /opt/airflow/dags/pipeline.py took 0.075 seconds
[2024-12-03T10:05:40.750+0000] {processor.py:161} INFO - Started process (PID=618) to work on /opt/airflow/dags/pipeline.py
[2024-12-03T10:05:40.751+0000] {processor.py:830} INFO - Processing file /opt/airflow/dags/pipeline.py for tasks to queue
[2024-12-03T10:05:40.753+0000] {logging_mixin.py:188} INFO - [2024-12-03T10:05:40.753+0000] {dagbag.py:545} INFO - Filling up the DagBag from /opt/airflow/dags/pipeline.py
[2024-12-03T10:05:40.765+0000] {processor.py:840} INFO - DAG(s) 'dbt_run_example' retrieved from /opt/airflow/dags/pipeline.py
[2024-12-03T10:05:40.787+0000] {logging_mixin.py:188} INFO - [2024-12-03T10:05:40.787+0000] {dag.py:3096} INFO - Sync 1 DAGs
[2024-12-03T10:05:40.801+0000] {logging_mixin.py:188} INFO - [2024-12-03T10:05:40.801+0000] {dag.py:3954} INFO - Setting next_dagrun for dbt_run_example to 2024-12-03 00:00:00+00:00, run_after=2024-12-04 00:00:00+00:00
[2024-12-03T10:05:40.813+0000] {processor.py:183} INFO - Processing /opt/airflow/dags/pipeline.py took 0.070 seconds
[2024-12-03T10:06:11.171+0000] {processor.py:161} INFO - Started process (PID=632) to work on /opt/airflow/dags/pipeline.py
[2024-12-03T10:06:11.173+0000] {processor.py:830} INFO - Processing file /opt/airflow/dags/pipeline.py for tasks to queue
[2024-12-03T10:06:11.182+0000] {logging_mixin.py:188} INFO - [2024-12-03T10:06:11.181+0000] {dagbag.py:545} INFO - Filling up the DagBag from /opt/airflow/dags/pipeline.py
[2024-12-03T10:06:11.205+0000] {processor.py:840} INFO - DAG(s) 'dbt_run_example' retrieved from /opt/airflow/dags/pipeline.py
[2024-12-03T10:06:11.231+0000] {logging_mixin.py:188} INFO - [2024-12-03T10:06:11.231+0000] {dag.py:3096} INFO - Sync 1 DAGs
[2024-12-03T10:06:11.252+0000] {logging_mixin.py:188} INFO - [2024-12-03T10:06:11.252+0000] {dag.py:3954} INFO - Setting next_dagrun for dbt_run_example to 2024-12-03 00:00:00+00:00, run_after=2024-12-04 00:00:00+00:00
[2024-12-03T10:06:11.266+0000] {processor.py:183} INFO - Processing /opt/airflow/dags/pipeline.py took 0.103 seconds
[2024-12-03T10:06:41.482+0000] {processor.py:161} INFO - Started process (PID=654) to work on /opt/airflow/dags/pipeline.py
[2024-12-03T10:06:41.485+0000] {processor.py:830} INFO - Processing file /opt/airflow/dags/pipeline.py for tasks to queue
[2024-12-03T10:06:41.488+0000] {logging_mixin.py:188} INFO - [2024-12-03T10:06:41.488+0000] {dagbag.py:545} INFO - Filling up the DagBag from /opt/airflow/dags/pipeline.py
[2024-12-03T10:06:41.504+0000] {processor.py:840} INFO - DAG(s) 'dbt_run_example' retrieved from /opt/airflow/dags/pipeline.py
[2024-12-03T10:06:41.524+0000] {logging_mixin.py:188} INFO - [2024-12-03T10:06:41.524+0000] {dag.py:3096} INFO - Sync 1 DAGs
[2024-12-03T10:06:41.537+0000] {logging_mixin.py:188} INFO - [2024-12-03T10:06:41.537+0000] {dag.py:3954} INFO - Setting next_dagrun for dbt_run_example to 2024-12-03 00:00:00+00:00, run_after=2024-12-04 00:00:00+00:00
[2024-12-03T10:06:41.561+0000] {processor.py:183} INFO - Processing /opt/airflow/dags/pipeline.py took 0.089 seconds
[2024-12-03T10:07:12.618+0000] {processor.py:161} INFO - Started process (PID=668) to work on /opt/airflow/dags/pipeline.py
[2024-12-03T10:07:12.620+0000] {processor.py:830} INFO - Processing file /opt/airflow/dags/pipeline.py for tasks to queue
[2024-12-03T10:07:12.626+0000] {logging_mixin.py:188} INFO - [2024-12-03T10:07:12.625+0000] {dagbag.py:545} INFO - Filling up the DagBag from /opt/airflow/dags/pipeline.py
[2024-12-03T10:07:12.653+0000] {processor.py:840} INFO - DAG(s) 'dbt_run_example' retrieved from /opt/airflow/dags/pipeline.py
[2024-12-03T10:07:12.675+0000] {logging_mixin.py:188} INFO - [2024-12-03T10:07:12.675+0000] {dag.py:3096} INFO - Sync 1 DAGs
[2024-12-03T10:07:12.689+0000] {logging_mixin.py:188} INFO - [2024-12-03T10:07:12.689+0000] {dag.py:3954} INFO - Setting next_dagrun for dbt_run_example to 2024-12-03 00:00:00+00:00, run_after=2024-12-04 00:00:00+00:00
[2024-12-03T10:07:12.700+0000] {processor.py:183} INFO - Processing /opt/airflow/dags/pipeline.py took 0.107 seconds
[2024-12-03T10:07:42.882+0000] {processor.py:161} INFO - Started process (PID=690) to work on /opt/airflow/dags/pipeline.py
[2024-12-03T10:07:42.883+0000] {processor.py:830} INFO - Processing file /opt/airflow/dags/pipeline.py for tasks to queue
[2024-12-03T10:07:42.885+0000] {logging_mixin.py:188} INFO - [2024-12-03T10:07:42.885+0000] {dagbag.py:545} INFO - Filling up the DagBag from /opt/airflow/dags/pipeline.py
[2024-12-03T10:07:42.895+0000] {processor.py:840} INFO - DAG(s) 'dbt_run_example' retrieved from /opt/airflow/dags/pipeline.py
[2024-12-03T10:07:42.914+0000] {logging_mixin.py:188} INFO - [2024-12-03T10:07:42.914+0000] {dag.py:3096} INFO - Sync 1 DAGs
[2024-12-03T10:07:42.927+0000] {logging_mixin.py:188} INFO - [2024-12-03T10:07:42.927+0000] {dag.py:3954} INFO - Setting next_dagrun for dbt_run_example to 2024-12-03 00:00:00+00:00, run_after=2024-12-04 00:00:00+00:00
[2024-12-03T10:07:42.939+0000] {processor.py:183} INFO - Processing /opt/airflow/dags/pipeline.py took 0.063 seconds
[2024-12-03T10:08:13.409+0000] {processor.py:161} INFO - Started process (PID=712) to work on /opt/airflow/dags/pipeline.py
[2024-12-03T10:08:13.411+0000] {processor.py:830} INFO - Processing file /opt/airflow/dags/pipeline.py for tasks to queue
[2024-12-03T10:08:13.412+0000] {logging_mixin.py:188} INFO - [2024-12-03T10:08:13.412+0000] {dagbag.py:545} INFO - Filling up the DagBag from /opt/airflow/dags/pipeline.py
[2024-12-03T10:08:13.433+0000] {processor.py:840} INFO - DAG(s) 'dbt_run_example' retrieved from /opt/airflow/dags/pipeline.py
[2024-12-03T10:08:13.454+0000] {logging_mixin.py:188} INFO - [2024-12-03T10:08:13.454+0000] {dag.py:3096} INFO - Sync 1 DAGs
[2024-12-03T10:08:13.468+0000] {logging_mixin.py:188} INFO - [2024-12-03T10:08:13.468+0000] {dag.py:3954} INFO - Setting next_dagrun for dbt_run_example to 2024-12-03 00:00:00+00:00, run_after=2024-12-04 00:00:00+00:00
[2024-12-03T10:08:13.479+0000] {processor.py:183} INFO - Processing /opt/airflow/dags/pipeline.py took 0.076 seconds
[2024-12-03T10:08:43.749+0000] {processor.py:161} INFO - Started process (PID=728) to work on /opt/airflow/dags/pipeline.py
[2024-12-03T10:08:43.751+0000] {processor.py:830} INFO - Processing file /opt/airflow/dags/pipeline.py for tasks to queue
[2024-12-03T10:08:43.755+0000] {logging_mixin.py:188} INFO - [2024-12-03T10:08:43.754+0000] {dagbag.py:545} INFO - Filling up the DagBag from /opt/airflow/dags/pipeline.py
[2024-12-03T10:08:43.780+0000] {processor.py:840} INFO - DAG(s) 'dbt_run_example' retrieved from /opt/airflow/dags/pipeline.py
[2024-12-03T10:08:43.812+0000] {logging_mixin.py:188} INFO - [2024-12-03T10:08:43.812+0000] {dag.py:3096} INFO - Sync 1 DAGs
[2024-12-03T10:08:43.826+0000] {logging_mixin.py:188} INFO - [2024-12-03T10:08:43.826+0000] {dag.py:3954} INFO - Setting next_dagrun for dbt_run_example to 2024-12-03 00:00:00+00:00, run_after=2024-12-04 00:00:00+00:00
[2024-12-03T10:08:43.840+0000] {processor.py:183} INFO - Processing /opt/airflow/dags/pipeline.py took 0.105 seconds
[2024-12-03T10:09:14.673+0000] {processor.py:161} INFO - Started process (PID=750) to work on /opt/airflow/dags/pipeline.py
[2024-12-03T10:09:14.676+0000] {processor.py:830} INFO - Processing file /opt/airflow/dags/pipeline.py for tasks to queue
[2024-12-03T10:09:14.679+0000] {logging_mixin.py:188} INFO - [2024-12-03T10:09:14.678+0000] {dagbag.py:545} INFO - Filling up the DagBag from /opt/airflow/dags/pipeline.py
[2024-12-03T10:09:14.691+0000] {processor.py:840} INFO - DAG(s) 'dbt_run_example' retrieved from /opt/airflow/dags/pipeline.py
[2024-12-03T10:09:14.710+0000] {logging_mixin.py:188} INFO - [2024-12-03T10:09:14.709+0000] {dag.py:3096} INFO - Sync 1 DAGs
[2024-12-03T10:09:14.723+0000] {logging_mixin.py:188} INFO - [2024-12-03T10:09:14.723+0000] {dag.py:3954} INFO - Setting next_dagrun for dbt_run_example to 2024-12-03 00:00:00+00:00, run_after=2024-12-04 00:00:00+00:00
[2024-12-03T10:09:14.734+0000] {processor.py:183} INFO - Processing /opt/airflow/dags/pipeline.py took 0.071 seconds
[2024-12-03T10:09:45.064+0000] {processor.py:161} INFO - Started process (PID=765) to work on /opt/airflow/dags/pipeline.py
[2024-12-03T10:09:45.065+0000] {processor.py:830} INFO - Processing file /opt/airflow/dags/pipeline.py for tasks to queue
[2024-12-03T10:09:45.068+0000] {logging_mixin.py:188} INFO - [2024-12-03T10:09:45.068+0000] {dagbag.py:545} INFO - Filling up the DagBag from /opt/airflow/dags/pipeline.py
[2024-12-03T10:09:45.087+0000] {processor.py:840} INFO - DAG(s) 'dbt_run_example' retrieved from /opt/airflow/dags/pipeline.py
[2024-12-03T10:09:45.114+0000] {logging_mixin.py:188} INFO - [2024-12-03T10:09:45.114+0000] {dag.py:3096} INFO - Sync 1 DAGs
[2024-12-03T10:09:45.129+0000] {logging_mixin.py:188} INFO - [2024-12-03T10:09:45.129+0000] {dag.py:3954} INFO - Setting next_dagrun for dbt_run_example to 2024-12-03 00:00:00+00:00, run_after=2024-12-04 00:00:00+00:00
[2024-12-03T10:09:45.139+0000] {processor.py:183} INFO - Processing /opt/airflow/dags/pipeline.py took 0.083 seconds
[2024-12-03T10:10:15.369+0000] {processor.py:161} INFO - Started process (PID=787) to work on /opt/airflow/dags/pipeline.py
[2024-12-03T10:10:15.371+0000] {processor.py:830} INFO - Processing file /opt/airflow/dags/pipeline.py for tasks to queue
[2024-12-03T10:10:15.373+0000] {logging_mixin.py:188} INFO - [2024-12-03T10:10:15.373+0000] {dagbag.py:545} INFO - Filling up the DagBag from /opt/airflow/dags/pipeline.py
[2024-12-03T10:10:15.410+0000] {processor.py:840} INFO - DAG(s) 'dbt_run_example' retrieved from /opt/airflow/dags/pipeline.py
[2024-12-03T10:10:15.440+0000] {logging_mixin.py:188} INFO - [2024-12-03T10:10:15.440+0000] {dag.py:3096} INFO - Sync 1 DAGs
[2024-12-03T10:10:15.521+0000] {logging_mixin.py:188} INFO - [2024-12-03T10:10:15.521+0000] {dag.py:3954} INFO - Setting next_dagrun for dbt_run_example to 2024-12-03 00:00:00+00:00, run_after=2024-12-04 00:00:00+00:00
[2024-12-03T10:10:15.539+0000] {processor.py:183} INFO - Processing /opt/airflow/dags/pipeline.py took 0.180 seconds
[2024-12-03T10:10:45.703+0000] {processor.py:161} INFO - Started process (PID=809) to work on /opt/airflow/dags/pipeline.py
[2024-12-03T10:10:45.704+0000] {processor.py:830} INFO - Processing file /opt/airflow/dags/pipeline.py for tasks to queue
[2024-12-03T10:10:45.706+0000] {logging_mixin.py:188} INFO - [2024-12-03T10:10:45.706+0000] {dagbag.py:545} INFO - Filling up the DagBag from /opt/airflow/dags/pipeline.py
[2024-12-03T10:10:45.715+0000] {processor.py:840} INFO - DAG(s) 'dbt_run_example' retrieved from /opt/airflow/dags/pipeline.py
[2024-12-03T10:10:45.732+0000] {logging_mixin.py:188} INFO - [2024-12-03T10:10:45.732+0000] {dag.py:3096} INFO - Sync 1 DAGs
[2024-12-03T10:10:45.745+0000] {logging_mixin.py:188} INFO - [2024-12-03T10:10:45.745+0000] {dag.py:3954} INFO - Setting next_dagrun for dbt_run_example to 2024-12-03 00:00:00+00:00, run_after=2024-12-04 00:00:00+00:00
[2024-12-03T10:10:45.757+0000] {processor.py:183} INFO - Processing /opt/airflow/dags/pipeline.py took 0.058 seconds
[2024-12-03T10:11:16.123+0000] {processor.py:161} INFO - Started process (PID=824) to work on /opt/airflow/dags/pipeline.py
[2024-12-03T10:11:16.125+0000] {processor.py:830} INFO - Processing file /opt/airflow/dags/pipeline.py for tasks to queue
[2024-12-03T10:11:16.128+0000] {logging_mixin.py:188} INFO - [2024-12-03T10:11:16.128+0000] {dagbag.py:545} INFO - Filling up the DagBag from /opt/airflow/dags/pipeline.py
[2024-12-03T10:11:16.146+0000] {processor.py:840} INFO - DAG(s) 'dbt_run_example' retrieved from /opt/airflow/dags/pipeline.py
[2024-12-03T10:11:16.186+0000] {logging_mixin.py:188} INFO - [2024-12-03T10:11:16.186+0000] {dag.py:3096} INFO - Sync 1 DAGs
[2024-12-03T10:11:16.201+0000] {logging_mixin.py:188} INFO - [2024-12-03T10:11:16.200+0000] {dag.py:3954} INFO - Setting next_dagrun for dbt_run_example to 2024-12-03 00:00:00+00:00, run_after=2024-12-04 00:00:00+00:00
[2024-12-03T10:11:16.217+0000] {processor.py:183} INFO - Processing /opt/airflow/dags/pipeline.py took 0.106 seconds
[2024-12-03T10:11:46.785+0000] {processor.py:161} INFO - Started process (PID=846) to work on /opt/airflow/dags/pipeline.py
[2024-12-03T10:11:46.787+0000] {processor.py:830} INFO - Processing file /opt/airflow/dags/pipeline.py for tasks to queue
[2024-12-03T10:11:46.829+0000] {logging_mixin.py:188} INFO - [2024-12-03T10:11:46.828+0000] {dagbag.py:545} INFO - Filling up the DagBag from /opt/airflow/dags/pipeline.py
[2024-12-03T10:11:46.878+0000] {processor.py:840} INFO - DAG(s) 'dbt_run_example' retrieved from /opt/airflow/dags/pipeline.py
[2024-12-03T10:11:46.905+0000] {logging_mixin.py:188} INFO - [2024-12-03T10:11:46.905+0000] {dag.py:3096} INFO - Sync 1 DAGs
[2024-12-03T10:11:46.968+0000] {logging_mixin.py:188} INFO - [2024-12-03T10:11:46.968+0000] {dag.py:3954} INFO - Setting next_dagrun for dbt_run_example to 2024-12-03 00:00:00+00:00, run_after=2024-12-04 00:00:00+00:00
[2024-12-03T10:11:46.981+0000] {processor.py:183} INFO - Processing /opt/airflow/dags/pipeline.py took 0.206 seconds
[2024-12-03T10:12:17.465+0000] {processor.py:161} INFO - Started process (PID=860) to work on /opt/airflow/dags/pipeline.py
[2024-12-03T10:12:17.473+0000] {processor.py:830} INFO - Processing file /opt/airflow/dags/pipeline.py for tasks to queue
[2024-12-03T10:12:17.480+0000] {logging_mixin.py:188} INFO - [2024-12-03T10:12:17.479+0000] {dagbag.py:545} INFO - Filling up the DagBag from /opt/airflow/dags/pipeline.py
[2024-12-03T10:12:17.498+0000] {processor.py:840} INFO - DAG(s) 'dbt_run_example' retrieved from /opt/airflow/dags/pipeline.py
[2024-12-03T10:12:17.526+0000] {logging_mixin.py:188} INFO - [2024-12-03T10:12:17.525+0000] {dag.py:3096} INFO - Sync 1 DAGs
[2024-12-03T10:12:17.539+0000] {logging_mixin.py:188} INFO - [2024-12-03T10:12:17.539+0000] {dag.py:3954} INFO - Setting next_dagrun for dbt_run_example to 2024-12-03 00:00:00+00:00, run_after=2024-12-04 00:00:00+00:00
[2024-12-03T10:12:17.547+0000] {processor.py:183} INFO - Processing /opt/airflow/dags/pipeline.py took 0.097 seconds
[2024-12-03T10:12:47.746+0000] {processor.py:161} INFO - Started process (PID=882) to work on /opt/airflow/dags/pipeline.py
[2024-12-03T10:12:47.747+0000] {processor.py:830} INFO - Processing file /opt/airflow/dags/pipeline.py for tasks to queue
[2024-12-03T10:12:47.750+0000] {logging_mixin.py:188} INFO - [2024-12-03T10:12:47.750+0000] {dagbag.py:545} INFO - Filling up the DagBag from /opt/airflow/dags/pipeline.py
[2024-12-03T10:12:47.766+0000] {processor.py:840} INFO - DAG(s) 'dbt_run_example' retrieved from /opt/airflow/dags/pipeline.py
[2024-12-03T10:12:47.807+0000] {logging_mixin.py:188} INFO - [2024-12-03T10:12:47.806+0000] {dag.py:3096} INFO - Sync 1 DAGs
[2024-12-03T10:12:47.821+0000] {logging_mixin.py:188} INFO - [2024-12-03T10:12:47.821+0000] {dag.py:3954} INFO - Setting next_dagrun for dbt_run_example to 2024-12-03 00:00:00+00:00, run_after=2024-12-04 00:00:00+00:00
[2024-12-03T10:12:47.832+0000] {processor.py:183} INFO - Processing /opt/airflow/dags/pipeline.py took 0.097 seconds
[2024-12-03T10:13:18.029+0000] {processor.py:161} INFO - Started process (PID=904) to work on /opt/airflow/dags/pipeline.py
[2024-12-03T10:13:18.030+0000] {processor.py:830} INFO - Processing file /opt/airflow/dags/pipeline.py for tasks to queue
[2024-12-03T10:13:18.032+0000] {logging_mixin.py:188} INFO - [2024-12-03T10:13:18.032+0000] {dagbag.py:545} INFO - Filling up the DagBag from /opt/airflow/dags/pipeline.py
[2024-12-03T10:13:18.069+0000] {processor.py:840} INFO - DAG(s) 'dbt_run_example' retrieved from /opt/airflow/dags/pipeline.py
[2024-12-03T10:13:18.095+0000] {logging_mixin.py:188} INFO - [2024-12-03T10:13:18.095+0000] {dag.py:3096} INFO - Sync 1 DAGs
[2024-12-03T10:13:18.113+0000] {logging_mixin.py:188} INFO - [2024-12-03T10:13:18.113+0000] {dag.py:3954} INFO - Setting next_dagrun for dbt_run_example to 2024-12-03 00:00:00+00:00, run_after=2024-12-04 00:00:00+00:00
[2024-12-03T10:13:18.127+0000] {processor.py:183} INFO - Processing /opt/airflow/dags/pipeline.py took 0.104 seconds
[2024-12-03T10:13:48.453+0000] {processor.py:161} INFO - Started process (PID=919) to work on /opt/airflow/dags/pipeline.py
[2024-12-03T10:13:48.455+0000] {processor.py:830} INFO - Processing file /opt/airflow/dags/pipeline.py for tasks to queue
[2024-12-03T10:13:48.457+0000] {logging_mixin.py:188} INFO - [2024-12-03T10:13:48.456+0000] {dagbag.py:545} INFO - Filling up the DagBag from /opt/airflow/dags/pipeline.py
[2024-12-03T10:13:48.473+0000] {processor.py:840} INFO - DAG(s) 'dbt_run_example' retrieved from /opt/airflow/dags/pipeline.py
[2024-12-03T10:13:48.503+0000] {logging_mixin.py:188} INFO - [2024-12-03T10:13:48.503+0000] {dag.py:3096} INFO - Sync 1 DAGs
[2024-12-03T10:13:48.519+0000] {logging_mixin.py:188} INFO - [2024-12-03T10:13:48.518+0000] {dag.py:3954} INFO - Setting next_dagrun for dbt_run_example to 2024-12-03 00:00:00+00:00, run_after=2024-12-04 00:00:00+00:00
[2024-12-03T10:13:48.542+0000] {processor.py:183} INFO - Processing /opt/airflow/dags/pipeline.py took 0.096 seconds
[2024-12-03T10:14:19.559+0000] {processor.py:161} INFO - Started process (PID=940) to work on /opt/airflow/dags/pipeline.py
[2024-12-03T10:14:19.560+0000] {processor.py:830} INFO - Processing file /opt/airflow/dags/pipeline.py for tasks to queue
[2024-12-03T10:14:19.562+0000] {logging_mixin.py:188} INFO - [2024-12-03T10:14:19.562+0000] {dagbag.py:545} INFO - Filling up the DagBag from /opt/airflow/dags/pipeline.py
[2024-12-03T10:14:19.573+0000] {processor.py:840} INFO - DAG(s) 'dbt_run_example' retrieved from /opt/airflow/dags/pipeline.py
[2024-12-03T10:14:19.605+0000] {logging_mixin.py:188} INFO - [2024-12-03T10:14:19.604+0000] {dag.py:3096} INFO - Sync 1 DAGs
[2024-12-03T10:14:19.617+0000] {logging_mixin.py:188} INFO - [2024-12-03T10:14:19.617+0000] {dag.py:3954} INFO - Setting next_dagrun for dbt_run_example to 2024-12-03 00:00:00+00:00, run_after=2024-12-04 00:00:00+00:00
[2024-12-03T10:14:19.626+0000] {processor.py:183} INFO - Processing /opt/airflow/dags/pipeline.py took 0.073 seconds
[2024-12-03T10:14:49.896+0000] {processor.py:161} INFO - Started process (PID=955) to work on /opt/airflow/dags/pipeline.py
[2024-12-03T10:14:49.898+0000] {processor.py:830} INFO - Processing file /opt/airflow/dags/pipeline.py for tasks to queue
[2024-12-03T10:14:49.901+0000] {logging_mixin.py:188} INFO - [2024-12-03T10:14:49.901+0000] {dagbag.py:545} INFO - Filling up the DagBag from /opt/airflow/dags/pipeline.py
[2024-12-03T10:14:49.916+0000] {processor.py:840} INFO - DAG(s) 'dbt_run_example' retrieved from /opt/airflow/dags/pipeline.py
[2024-12-03T10:14:49.936+0000] {logging_mixin.py:188} INFO - [2024-12-03T10:14:49.936+0000] {dag.py:3096} INFO - Sync 1 DAGs
[2024-12-03T10:14:49.948+0000] {logging_mixin.py:188} INFO - [2024-12-03T10:14:49.948+0000] {dag.py:3954} INFO - Setting next_dagrun for dbt_run_example to 2024-12-03 00:00:00+00:00, run_after=2024-12-04 00:00:00+00:00
[2024-12-03T10:14:49.957+0000] {processor.py:183} INFO - Processing /opt/airflow/dags/pipeline.py took 0.076 seconds
[2024-12-03T10:15:20.212+0000] {processor.py:161} INFO - Started process (PID=976) to work on /opt/airflow/dags/pipeline.py
[2024-12-03T10:15:20.214+0000] {processor.py:830} INFO - Processing file /opt/airflow/dags/pipeline.py for tasks to queue
[2024-12-03T10:15:20.216+0000] {logging_mixin.py:188} INFO - [2024-12-03T10:15:20.216+0000] {dagbag.py:545} INFO - Filling up the DagBag from /opt/airflow/dags/pipeline.py
[2024-12-03T10:15:20.232+0000] {processor.py:840} INFO - DAG(s) 'dbt_run_example' retrieved from /opt/airflow/dags/pipeline.py
[2024-12-03T10:15:20.260+0000] {logging_mixin.py:188} INFO - [2024-12-03T10:15:20.260+0000] {dag.py:3096} INFO - Sync 1 DAGs
[2024-12-03T10:15:20.280+0000] {logging_mixin.py:188} INFO - [2024-12-03T10:15:20.280+0000] {dag.py:3954} INFO - Setting next_dagrun for dbt_run_example to 2024-12-03 00:00:00+00:00, run_after=2024-12-04 00:00:00+00:00
[2024-12-03T10:15:20.293+0000] {processor.py:183} INFO - Processing /opt/airflow/dags/pipeline.py took 0.090 seconds
[2024-12-03T10:15:50.556+0000] {processor.py:161} INFO - Started process (PID=998) to work on /opt/airflow/dags/pipeline.py
[2024-12-03T10:15:50.558+0000] {processor.py:830} INFO - Processing file /opt/airflow/dags/pipeline.py for tasks to queue
[2024-12-03T10:15:50.562+0000] {logging_mixin.py:188} INFO - [2024-12-03T10:15:50.561+0000] {dagbag.py:545} INFO - Filling up the DagBag from /opt/airflow/dags/pipeline.py
[2024-12-03T10:15:50.600+0000] {processor.py:840} INFO - DAG(s) 'dbt_run_example' retrieved from /opt/airflow/dags/pipeline.py
[2024-12-03T10:15:50.637+0000] {logging_mixin.py:188} INFO - [2024-12-03T10:15:50.637+0000] {dag.py:3096} INFO - Sync 1 DAGs
[2024-12-03T10:15:50.655+0000] {logging_mixin.py:188} INFO - [2024-12-03T10:15:50.655+0000] {dag.py:3954} INFO - Setting next_dagrun for dbt_run_example to 2024-12-03 00:00:00+00:00, run_after=2024-12-04 00:00:00+00:00
[2024-12-03T10:15:50.668+0000] {processor.py:183} INFO - Processing /opt/airflow/dags/pipeline.py took 0.118 seconds
[2024-12-03T10:16:20.985+0000] {processor.py:161} INFO - Started process (PID=1013) to work on /opt/airflow/dags/pipeline.py
[2024-12-03T10:16:20.987+0000] {processor.py:830} INFO - Processing file /opt/airflow/dags/pipeline.py for tasks to queue
[2024-12-03T10:16:20.990+0000] {logging_mixin.py:188} INFO - [2024-12-03T10:16:20.990+0000] {dagbag.py:545} INFO - Filling up the DagBag from /opt/airflow/dags/pipeline.py
[2024-12-03T10:16:21.008+0000] {processor.py:840} INFO - DAG(s) 'dbt_run_example' retrieved from /opt/airflow/dags/pipeline.py
[2024-12-03T10:16:21.055+0000] {logging_mixin.py:188} INFO - [2024-12-03T10:16:21.055+0000] {dag.py:3096} INFO - Sync 1 DAGs
[2024-12-03T10:16:21.067+0000] {logging_mixin.py:188} INFO - [2024-12-03T10:16:21.067+0000] {dag.py:3954} INFO - Setting next_dagrun for dbt_run_example to 2024-12-03 00:00:00+00:00, run_after=2024-12-04 00:00:00+00:00
[2024-12-03T10:16:21.078+0000] {processor.py:183} INFO - Processing /opt/airflow/dags/pipeline.py took 0.104 seconds
