[2024-12-03T09:59:49.102+0000] {local_task_job_runner.py:120} INFO - ::group::Pre task execution logs
[2024-12-03T09:59:49.116+0000] {taskinstance.py:2076} INFO - Dependencies all met for dep_context=non-requeueable deps ti=<TaskInstance: dbt_run_example.dbt_run manual__2024-12-03T09:59:47.306935+00:00 [queued]>
[2024-12-03T09:59:49.120+0000] {taskinstance.py:2076} INFO - Dependencies all met for dep_context=requeueable deps ti=<TaskInstance: dbt_run_example.dbt_run manual__2024-12-03T09:59:47.306935+00:00 [queued]>
[2024-12-03T09:59:49.120+0000] {taskinstance.py:2306} INFO - Starting attempt 1 of 2
[2024-12-03T09:59:49.134+0000] {taskinstance.py:2330} INFO - Executing <Task(BashOperator): dbt_run> on 2024-12-03 09:59:47.306935+00:00
[2024-12-03T09:59:49.139+0000] {standard_task_runner.py:63} INFO - Started process 467 to run task
[2024-12-03T09:59:49.142+0000] {standard_task_runner.py:90} INFO - Running: ['***', 'tasks', 'run', 'dbt_run_example', 'dbt_run', 'manual__2024-12-03T09:59:47.306935+00:00', '--job-id', '6', '--raw', '--subdir', 'DAGS_FOLDER/pipeline.py', '--cfg-path', '/tmp/tmp0nwcqz3g']
[2024-12-03T09:59:49.144+0000] {standard_task_runner.py:91} INFO - Job 6: Subtask dbt_run
[2024-12-03T09:59:49.177+0000] {task_command.py:426} INFO - Running <TaskInstance: dbt_run_example.dbt_run manual__2024-12-03T09:59:47.306935+00:00 [running]> on host ef89db59771c
[2024-12-03T09:59:49.221+0000] {taskinstance.py:2648} INFO - Exporting env vars: AIRFLOW_CTX_DAG_OWNER='***' AIRFLOW_CTX_DAG_ID='dbt_run_example' AIRFLOW_CTX_TASK_ID='dbt_run' AIRFLOW_CTX_EXECUTION_DATE='2024-12-03T09:59:47.306935+00:00' AIRFLOW_CTX_TRY_NUMBER='1' AIRFLOW_CTX_DAG_RUN_ID='manual__2024-12-03T09:59:47.306935+00:00'
[2024-12-03T09:59:49.222+0000] {taskinstance.py:430} INFO - ::endgroup::
[2024-12-03T09:59:49.247+0000] {subprocess.py:63} INFO - Tmp dir root location: /tmp
[2024-12-03T09:59:49.248+0000] {subprocess.py:75} INFO - Running command: ['/usr/bin/bash', '-c', 'cd /opt/***/dbt && dbt run']
[2024-12-03T09:59:49.262+0000] {subprocess.py:86} INFO - Output:
[2024-12-03T09:59:51.802+0000] {subprocess.py:93} INFO - [0m09:59:51  Running with dbt=1.7.19
[2024-12-03T09:59:53.861+0000] {subprocess.py:93} INFO - [0m09:59:53  Registered adapter: snowflake=1.7.5
[2024-12-03T09:59:54.111+0000] {subprocess.py:93} INFO - [0m09:59:54  Found 6 models, 1 test, 5 sources, 0 exposures, 0 metrics, 815 macros, 0 groups, 0 semantic models
[2024-12-03T09:59:54.113+0000] {subprocess.py:93} INFO - [0m09:59:54
[2024-12-03T10:00:01.482+0000] {subprocess.py:93} INFO - [0m10:00:01  Concurrency: 1 threads (target='dev')
[2024-12-03T10:00:01.507+0000] {subprocess.py:93} INFO - [0m10:00:01
[2024-12-03T10:00:01.522+0000] {subprocess.py:93} INFO - [0m10:00:01  1 of 6 START sql view model DATA_HUB.stg_coingecko_ohlcv_hourly ................ [RUN]
[2024-12-03T10:00:04.594+0000] {subprocess.py:93} INFO - [0m10:00:04  1 of 6 OK created sql view model DATA_HUB.stg_coingecko_ohlcv_hourly ........... [[32mSUCCESS 1[0m in 3.07s]
[2024-12-03T10:00:04.597+0000] {subprocess.py:93} INFO - [0m10:00:04  2 of 6 START sql view model DATA_HUB.stg_coingecko_tokens ...................... [RUN]
[2024-12-03T10:00:11.360+0000] {subprocess.py:93} INFO - [0m10:00:11  2 of 6 OK created sql view model DATA_HUB.stg_coingecko_tokens ................. [[32mSUCCESS 1[0m in 6.76s]
[2024-12-03T10:00:11.365+0000] {subprocess.py:93} INFO - [0m10:00:11  3 of 6 START sql view model DATA_HUB.stg_coingeko_token_price_hourly ........... [RUN]
[2024-12-03T10:00:14.935+0000] {subprocess.py:93} INFO - [0m10:00:14  3 of 6 OK created sql view model DATA_HUB.stg_coingeko_token_price_hourly ...... [[32mSUCCESS 1[0m in 3.57s]
[2024-12-03T10:00:14.941+0000] {subprocess.py:93} INFO - [0m10:00:14  4 of 6 START sql view model DATA_HUB.stg_trader_grade_v3 ....................... [RUN]
[2024-12-03T10:00:17.707+0000] {subprocess.py:93} INFO - [0m10:00:17  4 of 6 OK created sql view model DATA_HUB.stg_trader_grade_v3 .................. [[32mSUCCESS 1[0m in 2.76s]
[2024-12-03T10:00:17.709+0000] {subprocess.py:93} INFO - [0m10:00:17  5 of 6 START sql view model DATA_HUB.stg_trading_signal ........................ [RUN]
[2024-12-03T10:00:20.722+0000] {subprocess.py:93} INFO - [0m10:00:20  5 of 6 OK created sql view model DATA_HUB.stg_trading_signal ................... [[32mSUCCESS 1[0m in 3.01s]
[2024-12-03T10:00:20.733+0000] {subprocess.py:93} INFO - [0m10:00:20  6 of 6 START sql incremental model DATA_HUB.tm_combined_chart_hourly ........... [RUN]
[2024-12-03T10:00:30.631+0000] {subprocess.py:93} INFO - [0m10:00:30  6 of 6 OK created sql incremental model DATA_HUB.tm_combined_chart_hourly ...... [[32mSUCCESS 2[0m in 9.90s]
[2024-12-03T10:00:30.643+0000] {subprocess.py:93} INFO - [0m10:00:30
[2024-12-03T10:00:30.643+0000] {subprocess.py:93} INFO - [0m10:00:30  Finished running 5 view models, 1 incremental model in 0 hours 0 minutes and 36.52 seconds (36.52s).
[2024-12-03T10:00:30.668+0000] {subprocess.py:93} INFO - [0m10:00:30
[2024-12-03T10:00:30.669+0000] {subprocess.py:93} INFO - [0m10:00:30  [32mCompleted successfully[0m
[2024-12-03T10:00:30.670+0000] {subprocess.py:93} INFO - [0m10:00:30
[2024-12-03T10:00:30.670+0000] {subprocess.py:93} INFO - [0m10:00:30  Done. PASS=6 WARN=0 ERROR=0 SKIP=0 TOTAL=6
[2024-12-03T10:00:32.284+0000] {subprocess.py:97} INFO - Command exited with return code 0
[2024-12-03T10:00:32.286+0000] {taskinstance.py:441} INFO - ::group::Post task execution logs
[2024-12-03T10:00:32.319+0000] {taskinstance.py:1206} INFO - Marking task as SUCCESS. dag_id=dbt_run_example, task_id=dbt_run, run_id=manual__2024-12-03T09:59:47.306935+00:00, execution_date=20241203T095947, start_date=20241203T095949, end_date=20241203T100032
[2024-12-03T10:00:32.371+0000] {local_task_job_runner.py:240} INFO - Task exited with return code 0
[2024-12-03T10:00:32.389+0000] {taskinstance.py:3498} INFO - 0 downstream tasks scheduled from follow-on schedule check
[2024-12-03T10:00:32.392+0000] {local_task_job_runner.py:222} INFO - ::endgroup::
